[0308/223233.430:ERROR:process_memory_win.cc(73)] ReadMemory at 0x7ff6b2290000 of 64 bytes failed: Seule une partie d’une requête ReadProcessMemory ou WriteProcessMemory a été effectuée. (0x12B)
[0308/223234.496:WARNING:pe_image_reader.cc(340)] could not read dos header from C:\Program Files (x86)\Google\Chrome\Application\chrome.exe
[0308/223234.497:ERROR:process_memory_win.cc(73)] ReadMemory at 0x7fffa79a0000 of 64 bytes failed: Seule une partie d’une requête ReadProcessMemory ou WriteProcessMemory a été effectuée. (0x12B)
[0308/223234.497:WARNING:pe_image_reader.cc(340)] could not read dos header from C:\WINDOWS\SYSTEM32\ntdll.dll
[0308/223234.497:ERROR:process_memory_win.cc(73)] ReadMemory at 0x7fffa6070000 of 64 bytes failed: Seule une partie d’une requête ReadProcessMemory ou WriteProcessMemory a été effectuée. (0x12B)
[0308/223234.497:WARNING:pe_image_reader.cc(340)] could not read dos header from C:\WINDOWS\System32\KERNEL32.DLL
[0308/223234.497:ERROR:process_memory_win.cc(73)] ReadMemory at 0x7fffa4b50000 of 64 bytes failed: Seule une partie d’une requête ReadProcessMemory ou WriteProcessMemory a été effectuée. (0x12B)
[0308/223234.497:WARNING:pe_image_reader.cc(340)] could not read dos header from C:\WINDOWS\System32\KERNELBASE.dll
[0308/223234.498:ERROR:process_memory_win.cc(73)] ReadMemory at 0x7fff766c0000 of 64 bytes failed: Seule une partie d’une requête ReadProcessMemory ou WriteProcessMemory a été effectuée. (0x12B)
[0308/223234.498:WARNING:pe_image_reader.cc(340)] could not read dos header from C:\Program Files (x86)\Google\Chrome\Application\80.0.3987.132\chrome_elf.dll
[0308/223234.498:ERROR:process_memory_win.cc(73)] ReadMemory at 0x7fff99240000 of 64 bytes failed: Seule une partie d’une requête ReadProcessMemory ou WriteProcessMemory a été effectuée. (0x12B)
[0308/223234.498:WARNING:pe_image_reader.cc(340)] could not read dos header from C:\WINDOWS\SYSTEM32\VERSION.dll
[0308/223234.498:ERROR:process_memory_win.cc(73)] ReadMemory at 0x7fffa77a0000 of 64 bytes failed: Seule une partie d’une requête ReadProcessMemory ou WriteProcessMemory a été effectuée. (0x12B)
[0308/223234.498:WARNING:pe_image_reader.cc(340)] could not read dos header from C:\WINDOWS\System32\msvcrt.dll
[0308/223234.498:ERROR:process_memory_win.cc(73)] ReadMemory at 0x7fffa59d0000 of 64 bytes failed: Seule une partie d’une requête ReadProcessMemory ou WriteProcessMemory a été effectuée. (0x12B)
[0308/223234.498:WARNING:pe_image_reader.cc(340)] could not read dos header from C:\WINDOWS\System32\bcryptPrimitives.dll
[0308/223234.498:ERROR:process_memory_win.cc(73)] ReadMemory at 0x7fffa6320000 of 64 bytes failed: Seule une partie d’une requête ReadProcessMemory ou WriteProcessMemory a été effectuée. (0x12B)
[0308/223234.498:WARNING:pe_image_reader.cc(340)] could not read dos header from C:\WINDOWS\System32\ADVAPI32.dll
[0308/223234.498:ERROR:process_memory_win.cc(73)] ReadMemory at 0x7fffa70f0000 of 64 bytes failed: Seule une partie d’une requête ReadProcessMemory ou WriteProcessMemory a été effectuée. (0x12B)
[0308/223234.498:WARNING:pe_image_reader.cc(340)] could not read dos header from C:\WINDOWS\System32\sechost.dll
[0308/223234.498:ERROR:process_memory_win.cc(73)] ReadMemory at 0x7fffa7840000 of 64 bytes failed: Seule une partie d’une requête ReadProcessMemory ou WriteProcessMemory a été effectuée. (0x12B)
[0308/223234.498:WARNING:pe_image_reader.cc(340)] could not read dos header from C:\WINDOWS\System32\RPCRT4.dll
[0308/223234.498:ERROR:process_memory_win.cc(73)] ReadMemory at 0x7fff4d4b0000 of 64 bytes failed: Seule une partie d’une requête ReadProcessMemory ou WriteProcessMemory a été effectuée. (0x12B)
[0308/223234.498:WARNING:pe_image_reader.cc(340)] could not read dos header from C:\Program Files (x86)\Google\Chrome\Application\80.0.3987.132\chrome.dll
[0308/223234.498:ERROR:process_memory_win.cc(73)] ReadMemory at 0x7fffa7520000 of 64 bytes failed: Seule une partie d’une requête ReadProcessMemory ou WriteProcessMemory a été effectuée. (0x12B)
[0308/223234.498:WARNING:pe_image_reader.cc(340)] could not read dos header from C:\WINDOWS\System32\WS2_32.dll
[0308/223234.498:ERROR:process_memory_win.cc(73)] ReadMemory at 0x7fffa72a0000 of 64 bytes failed: Seule une partie d’une requête ReadProcessMemory ou WriteProcessMemory a été effectuée. (0x12B)
[0308/223234.498:WARNING:pe_image_reader.cc(340)] could not read dos header from C:\WINDOWS\System32\OLEAUT32.dll
[0308/223234.498:ERROR:process_memory_win.cc(73)] ReadMemory at 0x7fffa5930000 of 64 bytes failed: Seule une partie d’une requête ReadProcessMemory ou WriteProcessMemory a été effectuée. (0x12B)
[0308/223234.499:WARNING:pe_image_reader.cc(340)] could not read dos header from C:\WINDOWS\System32\msvcp_win.dll
[0308/223234.499:ERROR:process_memory_win.cc(73)] ReadMemory at 0x7fffa4ed0000 of 64 bytes failed: Seule une partie d’une requête ReadProcessMemory ou WriteProcessMemory a été effectuée. (0x12B)
[0308/223234.499:WARNING:pe_image_reader.cc(340)] could not read dos header from C:\WINDOWS\System32\ucrtbase.dll
[0308/223234.499:ERROR:process_memory_win.cc(73)] ReadMemory at 0x7fffa6430000 of 64 bytes failed: Seule une partie d’une requête ReadProcessMemory ou WriteProcessMemory a été effectuée. (0x12B)
[0308/223234.499:WARNING:pe_image_reader.cc(340)] could not read dos header from C:\WINDOWS\System32\combase.dll
[0308/223234.499:ERROR:process_memory_win.cc(73)] ReadMemory at 0x7fffa5150000 of 64 bytes failed: Seule une partie d’une requête ReadProcessMemory ou WriteProcessMemory a été effectuée. (0x12B)
[0308/223234.499:WARNING:pe_image_reader.cc(340)] could not read dos header from C:\WINDOWS\System32\WINTRUST.dll
[0308/223234.499:ERROR:process_memory_win.cc(73)] ReadMemory at 0x7fffa48c0000 of 64 bytes failed: Seule une partie d’une requête ReadProcessMemory ou WriteProcessMemory a été effectuée. (0x12B)
[0308/223234.499:WARNING:pe_image_reader.cc(340)] could not read dos header from C:\WINDOWS\System32\MSASN1.dll
[0308/223234.499:ERROR:process_memory_win.cc(73)] ReadMemory at 0x7fffa5000000 of 64 bytes failed: Seule une partie d’une requête ReadProcessMemory ou WriteProcessMemory a été effectuée. (0x12B)
[0308/223234.499:WARNING:pe_image_reader.cc(340)] could not read dos header from C:\WINDOWS\System32\CRYPT32.dll
[0308/223234.499:ERROR:process_memory_win.cc(73)] ReadMemory at 0x7fffa3d90000 of 64 bytes failed: Seule une partie d’une requête ReadProcessMemory ou WriteProcessMemory a été effectuée. (0x12B)
[0308/223234.499:WARNING:pe_image_reader.cc(340)] could not read dos header from C:\WINDOWS\SYSTEM32\IPHLPAPI.DLL
[0308/223234.499:ERROR:process_memory_win.cc(73)] ReadMemory at 0x7fffa23a0000 of 64 bytes failed: Seule une partie d’une requête ReadProcessMemory ou WriteProcessMemory a été effectuée. (0x12B)
[0308/223234.499:WARNING:pe_image_reader.cc(340)] could not read dos header from C:\WINDOWS\SYSTEM32\WINMM.dll
[0308/223234.499:ERROR:process_memory_win.cc(73)] ReadMemory at 0x7fff93d20000 of 64 bytes failed: Seule une partie d’une requête ReadProcessMemory ou WriteProcessMemory a été effectuée. (0x12B)
[0308/223234.499:WARNING:pe_image_reader.cc(340)] could not read dos header from C:\WINDOWS\SYSTEM32\Secur32.dll
[0308/223234.499:ERROR:process_memory_win.cc(73)] ReadMemory at 0x7fffa4760000 of 64 bytes failed: Seule une partie d’une requête ReadProcessMemory ou WriteProcessMemory a été effectuée. (0x12B)
[0308/223234.499:WARNING:pe_image_reader.cc(340)] could not read dos header from C:\WINDOWS\SYSTEM32\USERENV.dll
[0308/223234.499:ERROR:process_memory_win.cc(73)] ReadMemory at 0x7fffa48a0000 of 64 bytes failed: Seule une partie d’une requête ReadProcessMemory ou WriteProcessMemory a été effectuée. (0x12B)
[0308/223234.499:WARNING:pe_image_reader.cc(340)] could not read dos header from C:\WINDOWS\System32\profapi.dll
[0308/223234.500:ERROR:process_memory_win.cc(73)] ReadMemory at 0x7fff7caf0000 of 64 bytes failed: Seule une partie d’une requête ReadProcessMemory ou WriteProcessMemory a été effectuée. (0x12B)
[0308/223234.500:WARNING:pe_image_reader.cc(340)] could not read dos header from C:\WINDOWS\SYSTEM32\UIAutomationCore.DLL
[0308/223234.500:ERROR:process_memory_win.cc(73)] ReadMemory at 0x7fff98860000 of 64 bytes failed: Seule une partie d’une requête ReadProcessMemory ou WriteProcessMemory a été effectuée. (0x12B)
[0308/223234.500:WARNING:pe_image_reader.cc(340)] could not read dos header from C:\WINDOWS\SYSTEM32\DWrite.dll
[0308/223234.500:ERROR:process_memory_win.cc(73)] ReadMemory at 0x7fff97df0000 of 64 bytes failed: Seule une partie d’une requête ReadProcessMemory ou WriteProcessMemory a été effectuée. (0x12B)
[0308/223234.500:WARNING:pe_image_reader.cc(340)] could not read dos header from C:\WINDOWS\SYSTEM32\WINSPOOL.DRV
[0308/223234.500:ERROR:process_memory_win.cc(73)] ReadMemory at 0x7fffa4880000 of 64 bytes failed: Seule une partie d’une requête ReadProcessMemory ou WriteProcessMemory a été effectuée. (0x12B)
[0308/223234.500:WARNING:pe_image_reader.cc(340)] could not read dos header from C:\WINDOWS\System32\kernel.appcore.dll
[0308/223234.500:ERROR:process_memory_win.cc(73)] ReadMemory at 0x7fffa4fd0000 of 64 bytes failed: Seule une partie d’une requête ReadProcessMemory ou WriteProcessMemory a été effectuée. (0x12B)
[0308/223234.500:WARNING:pe_image_reader.cc(340)] could not read dos header from C:\WINDOWS\System32\bcrypt.dll
[0308/223234.500:ERROR:process_memory_win.cc(73)] ReadMemory at 0x7fff93770000 of 64 bytes failed: Seule une partie d’une requête ReadProcessMemory ou WriteProcessMemory a été effectuée. (0x12B)
[0308/223234.500:WARNING:pe_image_reader.cc(340)] could not read dos header from C:\WINDOWS\SYSTEM32\dbghelp.dll
[0308/223234.500:ERROR:process_memory_win.cc(73)] ReadMemory at 0x7fff9a930000 of 64 bytes failed: Seule une partie d’une requête ReadProcessMemory ou WriteProcessMemory a été effectuée. (0x12B)
[0308/223234.500:WARNING:pe_image_reader.cc(340)] could not read dos header from C:\WINDOWS\SYSTEM32\WINHTTP.dll
[0308/223234.500:ERROR:process_memory_win.cc(73)] ReadMemory at 0x7fff9b3f0000 of 64 bytes failed: Seule une partie d’une requête ReadProcessMemory ou WriteProcessMemory a été effectuée. (0x12B)
[0308/223234.500:WARNING:pe_image_reader.cc(340)] could not read dos header from C:\WINDOWS\SYSTEM32\dhcpcsvc.DLL
[0308/223234.500:ERROR:process_memory_win.cc(73)] ReadMemory at 0x7fffa7190000 of 64 bytes failed: Seule une partie d’une requête ReadProcessMemory ou WriteProcessMemory a été effectuée. (0x12B)
[0308/223234.500:WARNING:pe_image_reader.cc(340)] could not read dos header from C:\WINDOWS\System32\NSI.dll
[0308/223234.500:ERROR:process_memory_win.cc(73)] ReadMemory at 0x7fffa2190000 of 64 bytes failed: Seule une partie d’une requête ReadProcessMemory ou WriteProcessMemory a été effectuée. (0x12B)
[0308/223234.500:WARNING:pe_image_reader.cc(340)] could not read dos header from C:\WINDOWS\SYSTEM32\WINMMBASE.dll
[0308/223234.501:ERROR:process_memory_win.cc(73)] ReadMemory at 0x7fffa4930000 of 64 bytes failed: Seule une partie d’une requête ReadProcessMemory ou WriteProcessMemory a été effectuée. (0x12B)
[0308/223234.501:WARNING:pe_image_reader.cc(340)] could not read dos header from C:\WINDOWS\System32\cfgmgr32.dll
[0308/223234.501:ERROR:process_memory_win.cc(73)] ReadMemory at 0x7fffa1230000 of 64 bytes failed: Seule une partie d’une requête ReadProcessMemory ou WriteProcessMemory a été effectuée. (0x12B)
[0308/223234.501:WARNING:pe_image_reader.cc(340)] could not read dos header from C:\WINDOWS\SYSTEM32\PROPSYS.dll
[0308/223234.501:ERROR:process_memory_win.cc(73)] ReadMemory at 0x7fffa68d0000 of 64 bytes failed: Seule une partie d’une requête ReadProcessMemory ou WriteProcessMemory a été effectuée. (0x12B)
[0308/223234.501:WARNING:pe_image_reader.cc(340)] could not read dos header from C:\WINDOWS\System32\shcore.dll
[0308/223234.501:ERROR:process_memory_win.cc(73)] ReadMemory at 0x7fffa4790000 of 64 bytes failed: Seule une partie d’une requête ReadProcessMemory ou WriteProcessMemory a été effectuée. (0x12B)
[0308/223234.501:WARNING:pe_image_reader.cc(340)] could not read dos header from C:\WINDOWS\SYSTEM32\SSPICLI.DLL
[0308/223234.501:ERROR:process_memory_win.cc(73)] ReadMemory at 0x7fffa4250000 of 64 bytes failed: Seule une partie d’une requête ReadProcessMemory ou WriteProcessMemory a été effectuée. (0x12B)
[0308/223234.501:WARNING:pe_image_reader.cc(340)] could not read dos header from C:\WINDOWS\SYSTEM32\CRYPTBASE.DLL
[0308/223234.501:ERROR:process_memory_win.cc(73)] ReadMemory at 0x7ff6b2290000 of 64 bytes failed: Seule une partie d’une requête ReadProcessMemory ou WriteProcessMemory a été effectuée. (0x12B)
[0308/223234.501:WARNING:pe_image_reader.cc(340)] could not read dos header from C:\Program Files (x86)\Google\Chrome\Application\chrome.exe
[0308/223234.501:ERROR:process_memory_win.cc(73)] ReadMemory at 0x7fffa79a0000 of 64 bytes failed: Seule une partie d’une requête ReadProcessMemory ou WriteProcessMemory a été effectuée. (0x12B)
[0308/223234.501:WARNING:pe_image_reader.cc(340)] could not read dos header from C:\WINDOWS\SYSTEM32\ntdll.dll
[0308/223234.501:ERROR:process_memory_win.cc(73)] ReadMemory at 0x7fffa6070000 of 64 bytes failed: Seule une partie d’une requête ReadProcessMemory ou WriteProcessMemory a été effectuée. (0x12B)
[0308/223234.501:WARNING:pe_image_reader.cc(340)] could not read dos header from C:\WINDOWS\System32\KERNEL32.DLL
[0308/223234.501:ERROR:process_memory_win.cc(73)] ReadMemory at 0x7fffa4b50000 of 64 bytes failed: Seule une partie d’une requête ReadProcessMemory ou WriteProcessMemory a été effectuée. (0x12B)
[0308/223234.501:WARNING:pe_image_reader.cc(340)] could not read dos header from C:\WINDOWS\System32\KERNELBASE.dll
[0308/223234.501:ERROR:process_memory_win.cc(73)] ReadMemory at 0x7fff766c0000 of 64 bytes failed: Seule une partie d’une requête ReadProcessMemory ou WriteProcessMemory a été effectuée. (0x12B)
[0308/223234.501:WARNING:pe_image_reader.cc(340)] could not read dos header from C:\Program Files (x86)\Google\Chrome\Application\80.0.3987.132\chrome_elf.dll
[0308/223234.501:ERROR:process_memory_win.cc(73)] ReadMemory at 0x7fff99240000 of 64 bytes failed: Seule une partie d’une requête ReadProcessMemory ou WriteProcessMemory a été effectuée. (0x12B)
[0308/223234.501:WARNING:pe_image_reader.cc(340)] could not read dos header from C:\WINDOWS\SYSTEM32\VERSION.dll
[0308/223234.501:ERROR:process_memory_win.cc(73)] ReadMemory at 0x7fffa77a0000 of 64 bytes failed: Seule une partie d’une requête ReadProcessMemory ou WriteProcessMemory a été effectuée. (0x12B)
[0308/223234.502:WARNING:pe_image_reader.cc(340)] could not read dos header from C:\WINDOWS\System32\msvcrt.dll
[0308/223234.502:ERROR:process_memory_win.cc(73)] ReadMemory at 0x7fffa59d0000 of 64 bytes failed: Seule une partie d’une requête ReadProcessMemory ou WriteProcessMemory a été effectuée. (0x12B)
[0308/223234.502:WARNING:pe_image_reader.cc(340)] could not read dos header from C:\WINDOWS\System32\bcryptPrimitives.dll
[0308/223234.502:ERROR:process_memory_win.cc(73)] ReadMemory at 0x7fffa6320000 of 64 bytes failed: Seule une partie d’une requête ReadProcessMemory ou WriteProcessMemory a été effectuée. (0x12B)
[0308/223234.502:WARNING:pe_image_reader.cc(340)] could not read dos header from C:\WINDOWS\System32\ADVAPI32.dll
[0308/223234.502:ERROR:process_memory_win.cc(73)] ReadMemory at 0x7fffa70f0000 of 64 bytes failed: Seule une partie d’une requête ReadProcessMemory ou WriteProcessMemory a été effectuée. (0x12B)
[0308/223234.502:WARNING:pe_image_reader.cc(340)] could not read dos header from C:\WINDOWS\System32\sechost.dll
[0308/223234.502:ERROR:process_memory_win.cc(73)] ReadMemory at 0x7fffa7840000 of 64 bytes failed: Seule une partie d’une requête ReadProcessMemory ou WriteProcessMemory a été effectuée. (0x12B)
[0308/223234.502:WARNING:pe_image_reader.cc(340)] could not read dos header from C:\WINDOWS\System32\RPCRT4.dll
[0308/223234.502:ERROR:process_memory_win.cc(73)] ReadMemory at 0x7fff4d4b0000 of 64 bytes failed: Seule une partie d’une requête ReadProcessMemory ou WriteProcessMemory a été effectuée. (0x12B)
[0308/223234.502:WARNING:pe_image_reader.cc(340)] could not read dos header from C:\Program Files (x86)\Google\Chrome\Application\80.0.3987.132\chrome.dll
[0308/223234.502:ERROR:process_memory_win.cc(73)] ReadMemory at 0x7fffa7520000 of 64 bytes failed: Seule une partie d’une requête ReadProcessMemory ou WriteProcessMemory a été effectuée. (0x12B)
[0308/223234.502:WARNING:pe_image_reader.cc(340)] could not read dos header from C:\WINDOWS\System32\WS2_32.dll
[0308/223234.502:ERROR:process_memory_win.cc(73)] ReadMemory at 0x7fffa72a0000 of 64 bytes failed: Seule une partie d’une requête ReadProcessMemory ou WriteProcessMemory a été effectuée. (0x12B)
[0308/223234.502:WARNING:pe_image_reader.cc(340)] could not read dos header from C:\WINDOWS\System32\OLEAUT32.dll
[0308/223234.502:ERROR:process_memory_win.cc(73)] ReadMemory at 0x7fffa5930000 of 64 bytes failed: Seule une partie d’une requête ReadProcessMemory ou WriteProcessMemory a été effectuée. (0x12B)
[0308/223234.502:WARNING:pe_image_reader.cc(340)] could not read dos header from C:\WINDOWS\System32\msvcp_win.dll
[0308/223234.502:ERROR:process_memory_win.cc(73)] ReadMemory at 0x7fffa4ed0000 of 64 bytes failed: Seule une partie d’une requête ReadProcessMemory ou WriteProcessMemory a été effectuée. (0x12B)
[0308/223234.502:WARNING:pe_image_reader.cc(340)] could not read dos header from C:\WINDOWS\System32\ucrtbase.dll
[0308/223234.502:ERROR:process_memory_win.cc(73)] ReadMemory at 0x7fffa6430000 of 64 bytes failed: Seule une partie d’une requête ReadProcessMemory ou WriteProcessMemory a été effectuée. (0x12B)
[0308/223234.502:WARNING:pe_image_reader.cc(340)] could not read dos header from C:\WINDOWS\System32\combase.dll
[0308/223234.503:ERROR:process_memory_win.cc(73)] ReadMemory at 0x7fffa5150000 of 64 bytes failed: Seule une partie d’une requête ReadProcessMemory ou WriteProcessMemory a été effectuée. (0x12B)
[0308/223234.503:WARNING:pe_image_reader.cc(340)] could not read dos header from C:\WINDOWS\System32\WINTRUST.dll
[0308/223234.503:ERROR:process_memory_win.cc(73)] ReadMemory at 0x7fffa48c0000 of 64 bytes failed: Seule une partie d’une requête ReadProcessMemory ou WriteProcessMemory a été effectuée. (0x12B)
[0308/223234.503:WARNING:pe_image_reader.cc(340)] could not read dos header from C:\WINDOWS\System32\MSASN1.dll
[0308/223234.503:ERROR:process_memory_win.cc(73)] ReadMemory at 0x7fffa5000000 of 64 bytes failed: Seule une partie d’une requête ReadProcessMemory ou WriteProcessMemory a été effectuée. (0x12B)
[0308/223234.503:WARNING:pe_image_reader.cc(340)] could not read dos header from C:\WINDOWS\System32\CRYPT32.dll
[0308/223234.503:ERROR:process_memory_win.cc(73)] ReadMemory at 0x7fffa3d90000 of 64 bytes failed: Seule une partie d’une requête ReadProcessMemory ou WriteProcessMemory a été effectuée. (0x12B)
[0308/223234.503:WARNING:pe_image_reader.cc(340)] could not read dos header from C:\WINDOWS\SYSTEM32\IPHLPAPI.DLL
[0308/223234.503:ERROR:process_memory_win.cc(73)] ReadMemory at 0x7fffa23a0000 of 64 bytes failed: Seule une partie d’une requête ReadProcessMemory ou WriteProcessMemory a été effectuée. (0x12B)
[0308/223234.503:WARNING:pe_image_reader.cc(340)] could not read dos header from C:\WINDOWS\SYSTEM32\WINMM.dll
[0308/223234.503:ERROR:process_memory_win.cc(73)] ReadMemory at 0x7fff93d20000 of 64 bytes failed: Seule une partie d’une requête ReadProcessMemory ou WriteProcessMemory a été effectuée. (0x12B)
[0308/223234.503:WARNING:pe_image_reader.cc(340)] could not read dos header from C:\WINDOWS\SYSTEM32\Secur32.dll
[0308/223234.503:ERROR:process_memory_win.cc(73)] ReadMemory at 0x7fffa4760000 of 64 bytes failed: Seule une partie d’une requête ReadProcessMemory ou WriteProcessMemory a été effectuée. (0x12B)
[0308/223234.503:WARNING:pe_image_reader.cc(340)] could not read dos header from C:\WINDOWS\SYSTEM32\USERENV.dll
[0308/223234.503:ERROR:process_memory_win.cc(73)] ReadMemory at 0x7fffa48a0000 of 64 bytes failed: Seule une partie d’une requête ReadProcessMemory ou WriteProcessMemory a été effectuée. (0x12B)
[0308/223234.503:WARNING:pe_image_reader.cc(340)] could not read dos header from C:\WINDOWS\System32\profapi.dll
[0308/223234.503:ERROR:process_memory_win.cc(73)] ReadMemory at 0x7fff7caf0000 of 64 bytes failed: Seule une partie d’une requête ReadProcessMemory ou WriteProcessMemory a été effectuée. (0x12B)
[0308/223234.503:WARNING:pe_image_reader.cc(340)] could not read dos header from C:\WINDOWS\SYSTEM32\UIAutomationCore.DLL
[0308/223234.503:ERROR:process_memory_win.cc(73)] ReadMemory at 0x7fff98860000 of 64 bytes failed: Seule une partie d’une requête ReadProcessMemory ou WriteProcessMemory a été effectuée. (0x12B)
[0308/223234.503:WARNING:pe_image_reader.cc(340)] could not read dos header from C:\WINDOWS\SYSTEM32\DWrite.dll
[0308/223234.503:ERROR:process_memory_win.cc(73)] ReadMemory at 0x7fff97df0000 of 64 bytes failed: Seule une partie d’une requête ReadProcessMemory ou WriteProcessMemory a été effectuée. (0x12B)
[0308/223234.503:WARNING:pe_image_reader.cc(340)] could not read dos header from C:\WINDOWS\SYSTEM32\WINSPOOL.DRV
[0308/223234.504:ERROR:process_memory_win.cc(73)] ReadMemory at 0x7fffa4880000 of 64 bytes failed: Seule une partie d’une requête ReadProcessMemory ou WriteProcessMemory a été effectuée. (0x12B)
[0308/223234.504:WARNING:pe_image_reader.cc(340)] could not read dos header from C:\WINDOWS\System32\kernel.appcore.dll
[0308/223234.504:ERROR:process_memory_win.cc(73)] ReadMemory at 0x7fffa4fd0000 of 64 bytes failed: Seule une partie d’une requête ReadProcessMemory ou WriteProcessMemory a été effectuée. (0x12B)
[0308/223234.504:WARNING:pe_image_reader.cc(340)] could not read dos header from C:\WINDOWS\System32\bcrypt.dll
[0308/223234.504:ERROR:process_memory_win.cc(73)] ReadMemory at 0x7fff93770000 of 64 bytes failed: Seule une partie d’une requête ReadProcessMemory ou WriteProcessMemory a été effectuée. (0x12B)
[0308/223234.504:WARNING:pe_image_reader.cc(340)] could not read dos header from C:\WINDOWS\SYSTEM32\dbghelp.dll
[0308/223234.504:ERROR:process_memory_win.cc(73)] ReadMemory at 0x7fff9a930000 of 64 bytes failed: Seule une partie d’une requête ReadProcessMemory ou WriteProcessMemory a été effectuée. (0x12B)
[0308/223234.504:WARNING:pe_image_reader.cc(340)] could not read dos header from C:\WINDOWS\SYSTEM32\WINHTTP.dll
[0308/223234.504:ERROR:process_memory_win.cc(73)] ReadMemory at 0x7fff9b3f0000 of 64 bytes failed: Seule une partie d’une requête ReadProcessMemory ou WriteProcessMemory a été effectuée. (0x12B)
[0308/223234.504:WARNING:pe_image_reader.cc(340)] could not read dos header from C:\WINDOWS\SYSTEM32\dhcpcsvc.DLL
[0308/223234.504:ERROR:process_memory_win.cc(73)] ReadMemory at 0x7fffa7190000 of 64 bytes failed: Seule une partie d’une requête ReadProcessMemory ou WriteProcessMemory a été effectuée. (0x12B)
[0308/223234.504:WARNING:pe_image_reader.cc(340)] could not read dos header from C:\WINDOWS\System32\NSI.dll
[0308/223234.504:ERROR:process_memory_win.cc(73)] ReadMemory at 0x7fffa2190000 of 64 bytes failed: Seule une partie d’une requête ReadProcessMemory ou WriteProcessMemory a été effectuée. (0x12B)
[0308/223234.504:WARNING:pe_image_reader.cc(340)] could not read dos header from C:\WINDOWS\SYSTEM32\WINMMBASE.dll
[0308/223234.504:ERROR:process_memory_win.cc(73)] ReadMemory at 0x7fffa4930000 of 64 bytes failed: Seule une partie d’une requête ReadProcessMemory ou WriteProcessMemory a été effectuée. (0x12B)
[0308/223234.504:WARNING:pe_image_reader.cc(340)] could not read dos header from C:\WINDOWS\System32\cfgmgr32.dll
[0308/223234.504:ERROR:process_memory_win.cc(73)] ReadMemory at 0x7fffa1230000 of 64 bytes failed: Seule une partie d’une requête ReadProcessMemory ou WriteProcessMemory a été effectuée. (0x12B)
[0308/223234.504:WARNING:pe_image_reader.cc(340)] could not read dos header from C:\WINDOWS\SYSTEM32\PROPSYS.dll
[0308/223234.504:ERROR:process_memory_win.cc(73)] ReadMemory at 0x7fffa68d0000 of 64 bytes failed: Seule une partie d’une requête ReadProcessMemory ou WriteProcessMemory a été effectuée. (0x12B)
[0308/223234.504:WARNING:pe_image_reader.cc(340)] could not read dos header from C:\WINDOWS\System32\shcore.dll
[0308/223234.504:ERROR:process_memory_win.cc(73)] ReadMemory at 0x7fffa4790000 of 64 bytes failed: Seule une partie d’une requête ReadProcessMemory ou WriteProcessMemory a été effectuée. (0x12B)
[0308/223234.504:WARNING:pe_image_reader.cc(340)] could not read dos header from C:\WINDOWS\SYSTEM32\SSPICLI.DLL
[0308/223234.505:ERROR:process_memory_win.cc(73)] ReadMemory at 0x7fffa4250000 of 64 bytes failed: Seule une partie d’une requête ReadProcessMemory ou WriteProcessMemory a été effectuée. (0x12B)
[0308/223234.505:WARNING:pe_image_reader.cc(340)] could not read dos header from C:\WINDOWS\SYSTEM32\CRYPTBASE.DLL
[0308/223234.945:ERROR:process_memory_win.cc(73)] ReadMemory at 0xfbd1bed000 of 77824 bytes failed: Seule une partie d’une requête ReadProcessMemory ou WriteProcessMemory a été effectuée. (0x12B)
[0308/223234.973:ERROR:process_memory_win.cc(73)] ReadMemory at 0xfbd23fd000 of 12288 bytes failed: Seule une partie d’une requête ReadProcessMemory ou WriteProcessMemory a été effectuée. (0x12B)
[0308/223234.973:ERROR:process_memory_win.cc(73)] ReadMemory at 0xfbd33fd000 of 12288 bytes failed: Seule une partie d’une requête ReadProcessMemory ou WriteProcessMemory a été effectuée. (0x12B)
[0308/223234.973:ERROR:process_memory_win.cc(73)] ReadMemory at 0xfbd3bfb000 of 20480 bytes failed: Seule une partie d’une requête ReadProcessMemory ou WriteProcessMemory a été effectuée. (0x12B)
[0308/223234.973:ERROR:process_memory_win.cc(73)] ReadMemory at 0xfbd43ff000 of 4096 bytes failed: Seule une partie d’une requête ReadProcessMemory ou WriteProcessMemory a été effectuée. (0x12B)
[0308/223234.973:ERROR:process_memory_win.cc(73)] ReadMemory at 0xfbd4bfd000 of 12288 bytes failed: Seule une partie d’une requête ReadProcessMemory ou WriteProcessMemory a été effectuée. (0x12B)
[0308/223234.974:ERROR:process_memory_win.cc(73)] ReadMemory at 0xfbd53fb000 of 20480 bytes failed: Seule une partie d’une requête ReadProcessMemory ou WriteProcessMemory a été effectuée. (0x12B)
[0308/223234.974:ERROR:process_memory_win.cc(73)] ReadMemory at 0xfbd5bfd000 of 12288 bytes failed: Seule une partie d’une requête ReadProcessMemory ou WriteProcessMemory a été effectuée. (0x12B)
[0308/223234.974:ERROR:process_memory_win.cc(73)] ReadMemory at 0xfbd63f7000 of 36864 bytes failed: Seule une partie d’une requête ReadProcessMemory ou WriteProcessMemory a été effectuée. (0x12B)
[0308/223234.974:ERROR:process_memory_win.cc(73)] ReadMemory at 0xfbd6bf6000 of 40960 bytes failed: Seule une partie d’une requête ReadProcessMemory ou WriteProcessMemory a été effectuée. (0x12B)
[0308/223234.974:ERROR:process_memory_win.cc(73)] ReadMemory at 0xfbd73fb000 of 20480 bytes failed: Seule une partie d’une requête ReadProcessMemory ou WriteProcessMemory a été effectuée. (0x12B)
[0308/223234.974:ERROR:process_memory_win.cc(73)] ReadMemory at 0xfbd8bfd000 of 12288 bytes failed: Seule une partie d’une requête ReadProcessMemory ou WriteProcessMemory a été effectuée. (0x12B)
[0308/223234.975:ERROR:process_memory_win.cc(73)] ReadMemory at 0xfbd7bfc000 of 16384 bytes failed: Seule une partie d’une requête ReadProcessMemory ou WriteProcessMemory a été effectuée. (0x12B)
[0308/223234.975:ERROR:process_memory_win.cc(73)] ReadMemory at 0xfbd83f6000 of 40960 bytes failed: Seule une partie d’une requête ReadProcessMemory ou WriteProcessMemory a été effectuée. (0x12B)
[0308/223234.975:ERROR:process_memory_win.cc(73)] ReadMemory at 0xfbd2bfe000 of 8192 bytes failed: Seule une partie d’une requête ReadProcessMemory ou WriteProcessMemory a été effectuée. (0x12B)
[0308/223235.016:ERROR:process_memory_win.cc(73)] ReadMemory at 0xfbd1263000 of 852 bytes failed: Seule une partie d’une requête ReadProcessMemory ou WriteProcessMemory a été effectuée. (0x12B)
[0308/223235.016:ERROR:process_memory_win.cc(73)] ReadMemory at 0xfbd1264000 of 6024 bytes failed: Seule une partie d’une requête ReadProcessMemory ou WriteProcessMemory a été effectuée. (0x12B)
[0308/223235.016:ERROR:process_memory_win.cc(73)] ReadMemory at 0xfbd1266000 of 6024 bytes failed: Seule une partie d’une requête ReadProcessMemory ou WriteProcessMemory a été effectuée. (0x12B)
[0308/223235.016:ERROR:process_memory_win.cc(73)] ReadMemory at 0xfbd126a000 of 6024 bytes failed: Seule une partie d’une requête ReadProcessMemory ou WriteProcessMemory a été effectuée. (0x12B)
[0308/223235.016:ERROR:process_memory_win.cc(73)] ReadMemory at 0xfbd126c000 of 6024 bytes failed: Seule une partie d’une requête ReadProcessMemory ou WriteProcessMemory a été effectuée. (0x12B)
[0308/223235.016:ERROR:process_memory_win.cc(73)] ReadMemory at 0xfbd126e000 of 6024 bytes failed: Seule une partie d’une requête ReadProcessMemory ou WriteProcessMemory a été effectuée. (0x12B)
[0308/223235.017:ERROR:process_memory_win.cc(73)] ReadMemory at 0xfbd1270000 of 6024 bytes failed: Seule une partie d’une requête ReadProcessMemory ou WriteProcessMemory a été effectuée. (0x12B)
[0308/223235.017:ERROR:process_memory_win.cc(73)] ReadMemory at 0xfbd1272000 of 6024 bytes failed: Seule une partie d’une requête ReadProcessMemory ou WriteProcessMemory a été effectuée. (0x12B)
[0308/223235.017:ERROR:process_memory_win.cc(73)] ReadMemory at 0xfbd1274000 of 6024 bytes failed: Seule une partie d’une requête ReadProcessMemory ou WriteProcessMemory a été effectuée. (0x12B)
[0308/223235.017:ERROR:process_memory_win.cc(73)] ReadMemory at 0xfbd1276000 of 6024 bytes failed: Seule une partie d’une requête ReadProcessMemory ou WriteProcessMemory a été effectuée. (0x12B)
[0308/223235.017:ERROR:process_memory_win.cc(73)] ReadMemory at 0xfbd1278000 of 6024 bytes failed: Seule une partie d’une requête ReadProcessMemory ou WriteProcessMemory a été effectuée. (0x12B)
[0308/223235.018:ERROR:process_memory_win.cc(73)] ReadMemory at 0xfbd127a000 of 6024 bytes failed: Seule une partie d’une requête ReadProcessMemory ou WriteProcessMemory a été effectuée. (0x12B)
[0308/223235.018:ERROR:process_memory_win.cc(73)] ReadMemory at 0xfbd1282000 of 6024 bytes failed: Seule une partie d’une requête ReadProcessMemory ou WriteProcessMemory a été effectuée. (0x12B)
[0308/223235.018:ERROR:process_memory_win.cc(73)] ReadMemory at 0xfbd12aa000 of 6024 bytes failed: Seule une partie d’une requête ReadProcessMemory ou WriteProcessMemory a été effectuée. (0x12B)
[0308/223235.018:ERROR:process_memory_win.cc(73)] ReadMemory at 0xfbd12ac000 of 6024 bytes failed: Seule une partie d’une requête ReadProcessMemory ou WriteProcessMemory a été effectuée. (0x12B)
[0308/223235.019:ERROR:process_memory_win.cc(73)] ReadMemory at 0xfbd12ae000 of 6024 bytes failed: Seule une partie d’une requête ReadProcessMemory ou WriteProcessMemory a été effectuée. (0x12B)
[0308/223235.112:ERROR:process_memory_win.cc(73)] ReadMemory at 0x27ea69a0fe0 of 16150 bytes failed: Seule une partie d’une requête ReadProcessMemory ou WriteProcessMemory a été effectuée. (0x12B)
[0308/223235.112:ERROR:process_memory_win.cc(73)] ReadMemory at 0x27ea69a4f00 of 1012 bytes failed: Seule une partie d’une requête ReadProcessMemory ou WriteProcessMemory a été effectuée. (0x12B)
[0308/223235.112:ERROR:process_memory_win.cc(73)] ReadMemory at 0x27ea69a5548 of 118 bytes failed: Seule une partie d’une requête ReadProcessMemory ou WriteProcessMemory a été effectuée. (0x12B)
[0308/223235.112:ERROR:process_memory_win.cc(73)] ReadMemory at 0x27ea69a55c0 of 746 bytes failed: Seule une partie d’une requête ReadProcessMemory ou WriteProcessMemory a été effectuée. (0x12B)
[0308/223235.112:ERROR:process_memory_win.cc(73)] ReadMemory at 0x27ea69a58ac of 118 bytes failed: Seule une partie d’une requête ReadProcessMemory ou WriteProcessMemory a été effectuée. (0x12B)
[0308/223235.112:ERROR:process_memory_win.cc(73)] ReadMemory at 0x27ea69a5924 of 102 bytes failed: Seule une partie d’une requête ReadProcessMemory ou WriteProcessMemory a été effectuée. (0x12B)
[0308/223235.112:ERROR:process_memory_win.cc(73)] ReadMemory at 0x27ea69a59a0 of 58 bytes failed: Seule une partie d’une requête ReadProcessMemory ou WriteProcessMemory a été effectuée. (0x12B)
[0308/223235.112:ERROR:process_memory_win.cc(73)] ReadMemory at 0x27ea69a5aa0 of 132 bytes failed: Seule une partie d’une requête ReadProcessMemory ou WriteProcessMemory a été effectuée. (0x12B)
[0308/223235.112:ERROR:process_memory_win.cc(73)] ReadMemory at 0x27ea69a5c30 of 132 bytes failed: Seule une partie d’une requête ReadProcessMemory ou WriteProcessMemory a été effectuée. (0x12B)
[0308/223235.113:ERROR:process_memory_win.cc(73)] ReadMemory at 0x27ea69a5df0 of 126 bytes failed: Seule une partie d’une requête ReadProcessMemory ou WriteProcessMemory a été effectuée. (0x12B)
[0308/223235.113:ERROR:process_memory_win.cc(73)] ReadMemory at 0x27ea69a61d0 of 132 bytes failed: Seule une partie d’une requête ReadProcessMemory ou WriteProcessMemory a été effectuée. (0x12B)
[0308/223235.113:ERROR:process_memory_win.cc(73)] ReadMemory at 0x27ea69a6360 of 64 bytes failed: Seule une partie d’une requête ReadProcessMemory ou WriteProcessMemory a été effectuée. (0x12B)
[0308/223235.113:ERROR:process_memory_win.cc(73)] ReadMemory at 0x27ea69a63b0 of 132 bytes failed: Seule une partie d’une requête ReadProcessMemory ou WriteProcessMemory a été effectuée. (0x12B)
[0308/223235.113:ERROR:process_memory_win.cc(73)] ReadMemory at 0x27ea69a6520 of 132 bytes failed: Seule une partie d’une requête ReadProcessMemory ou WriteProcessMemory a été effectuée. (0x12B)
[0308/223235.113:ERROR:process_memory_win.cc(73)] ReadMemory at 0x27ea69a67c0 of 132 bytes failed: Seule une partie d’une requête ReadProcessMemory ou WriteProcessMemory a été effectuée. (0x12B)
[0308/223235.113:ERROR:process_memory_win.cc(73)] ReadMemory at 0x27ea69a6950 of 68 bytes failed: Seule une partie d’une requête ReadProcessMemory ou WriteProcessMemory a été effectuée. (0x12B)
[0308/223235.113:ERROR:process_memory_win.cc(73)] ReadMemory at 0x27ea69a7a10 of 132 bytes failed: Seule une partie d’une requête ReadProcessMemory ou WriteProcessMemory a été effectuée. (0x12B)
[0308/223235.113:ERROR:process_memory_win.cc(73)] ReadMemory at 0x27ea69a7ba0 of 154 bytes failed: Seule une partie d’une requête ReadProcessMemory ou WriteProcessMemory a été effectuée. (0x12B)
[0308/223235.113:ERROR:process_memory_win.cc(73)] ReadMemory at 0x27ea69a8a80 of 62 bytes failed: Seule une partie d’une requête ReadProcessMemory ou WriteProcessMemory a été effectuée. (0x12B)
[0308/223235.211:ERROR:process_memory_win.cc(73)] ReadMemory at 0x27ea69a8b00 of 146 bytes failed: Seule une partie d’une requête ReadProcessMemory ou WriteProcessMemory a été effectuée. (0x12B)
[0308/223235.290:ERROR:process_memory_win.cc(73)] ReadMemory at 0x27ea69a8be0 of 132 bytes failed: Seule une partie d’une requête ReadProcessMemory ou WriteProcessMemory a été effectuée. (0x12B)
[0308/223235.290:ERROR:process_memory_win.cc(73)] ReadMemory at 0x27ea69a8d70 of 60 bytes failed: Seule une partie d’une requête ReadProcessMemory ou WriteProcessMemory a été effectuée. (0x12B)
[0308/223235.290:ERROR:process_memory_win.cc(73)] ReadMemory at 0x27ea69a9960 of 132 bytes failed: Seule une partie d’une requête ReadProcessMemory ou WriteProcessMemory a été effectuée. (0x12B)
[0308/223235.290:ERROR:process_memory_win.cc(73)] ReadMemory at 0x27ea69ac200 of 132 bytes failed: Seule une partie d’une requête ReadProcessMemory ou WriteProcessMemory a été effectuée. (0x12B)
[0308/223235.290:ERROR:process_memory_win.cc(73)] ReadMemory at 0x27ea69ac330 of 132 bytes failed: Seule une partie d’une requête ReadProcessMemory ou WriteProcessMemory a été effectuée. (0x12B)
[0308/223235.290:ERROR:process_memory_win.cc(73)] ReadMemory at 0x27ea69ac460 of 132 bytes failed: Seule une partie d’une requête ReadProcessMemory ou WriteProcessMemory a été effectuée. (0x12B)
[0308/223235.290:ERROR:process_memory_win.cc(73)] ReadMemory at 0x27ea69ac8c0 of 64 bytes failed: Seule une partie d’une requête ReadProcessMemory ou WriteProcessMemory a été effectuée. (0x12B)
[0308/223235.290:ERROR:process_memory_win.cc(73)] ReadMemory at 0x27ea69ac960 of 64 bytes failed: Seule une partie d’une requête ReadProcessMemory ou WriteProcessMemory a été effectuée. (0x12B)
[0308/223235.306:ERROR:process_memory_win.cc(73)] ReadMemory at 0x27ea69acaa0 of 60 bytes failed: Seule une partie d’une requête ReadProcessMemory ou WriteProcessMemory a été effectuée. (0x12B)
[0308/223235.306:ERROR:process_memory_win.cc(73)] ReadMemory at 0x27ea69acc30 of 60 bytes failed: Seule une partie d’une requête ReadProcessMemory ou WriteProcessMemory a été effectuée. (0x12B)
[0308/223235.307:ERROR:process_memory_win.cc(73)] ReadMemory at 0x27ea69acc80 of 62 bytes failed: Seule une partie d’une requête ReadProcessMemory ou WriteProcessMemory a été effectuée. (0x12B)
[0308/223235.307:ERROR:process_memory_win.cc(73)] ReadMemory at 0x27ea69ace10 of 64 bytes failed: Seule une partie d’une requête ReadProcessMemory ou WriteProcessMemory a été effectuée. (0x12B)
[0308/223235.307:ERROR:process_memory_win.cc(73)] ReadMemory at 0x27ea69acf00 of 66 bytes failed: Seule une partie d’une requête ReadProcessMemory ou WriteProcessMemory a été effectuée. (0x12B)
[0308/223235.307:ERROR:process_memory_win.cc(73)] ReadMemory at 0x27ea69acf50 of 64 bytes failed: Seule une partie d’une requête ReadProcessMemory ou WriteProcessMemory a été effectuée. (0x12B)
[0308/223235.307:ERROR:process_memory_win.cc(73)] ReadMemory at 0x27ea69acfa0 of 62 bytes failed: Seule une partie d’une requête ReadProcessMemory ou WriteProcessMemory a été effectuée. (0x12B)
[0308/223235.307:ERROR:process_memory_win.cc(73)] ReadMemory at 0x27ea69ad430 of 132 bytes failed: Seule une partie d’une requête ReadProcessMemory ou WriteProcessMemory a été effectuée. (0x12B)
[0308/223235.307:ERROR:process_memory_win.cc(73)] ReadMemory at 0x27ea69ad660 of 132 bytes failed: Seule une partie d’une requête ReadProcessMemory ou WriteProcessMemory a été effectuée. (0x12B)
[0308/223235.307:ERROR:process_memory_win.cc(73)] ReadMemory at 0x27ea69ad7f0 of 80 bytes failed: Seule une partie d’une requête ReadProcessMemory ou WriteProcessMemory a été effectuée. (0x12B)
[0308/223235.307:ERROR:process_memory_win.cc(73)] ReadMemory at 0x27ea69ad940 of 132 bytes failed: Seule une partie d’une requête ReadProcessMemory ou WriteProcessMemory a été effectuée. (0x12B)
[0308/223235.307:ERROR:process_memory_win.cc(73)] ReadMemory at 0x27ea69ada70 of 132 bytes failed: Seule une partie d’une requête ReadProcessMemory ou WriteProcessMemory a été effectuée. (0x12B)
[0308/223235.308:ERROR:process_memory_win.cc(73)] ReadMemory at 0x27ea69adba0 of 132 bytes failed: Seule une partie d’une requête ReadProcessMemory ou WriteProcessMemory a été effectuée. (0x12B)
[0308/223235.308:ERROR:process_memory_win.cc(73)] ReadMemory at 0x27ea69adcd0 of 132 bytes failed: Seule une partie d’une requête ReadProcessMemory ou WriteProcessMemory a été effectuée. (0x12B)
[0308/223235.308:ERROR:process_memory_win.cc(73)] ReadMemory at 0x27ea69ade00 of 132 bytes failed: Seule une partie d’une requête ReadProcessMemory ou WriteProcessMemory a été effectuée. (0x12B)
[0308/223235.308:ERROR:process_memory_win.cc(73)] ReadMemory at 0x27ea69adf30 of 132 bytes failed: Seule une partie d’une requête ReadProcessMemory ou WriteProcessMemory a été effectuée. (0x12B)
[0308/223235.318:ERROR:process_memory_win.cc(73)] ReadMemory at 0x27ea69ae060 of 132 bytes failed: Seule une partie d’une requête ReadProcessMemory ou WriteProcessMemory a été effectuée. (0x12B)
[0308/223235.318:ERROR:process_memory_win.cc(73)] ReadMemory at 0x27ea69ae190 of 132 bytes failed: Seule une partie d’une requête ReadProcessMemory ou WriteProcessMemory a été effectuée. (0x12B)
[0308/223235.331:ERROR:process_memory_win.cc(73)] ReadMemory at 0x27ea69ae2c0 of 132 bytes failed: Seule une partie d’une requête ReadProcessMemory ou WriteProcessMemory a été effectuée. (0x12B)
[0308/223235.331:ERROR:process_memory_win.cc(73)] ReadMemory at 0x27ea69ae3f0 of 132 bytes failed: Seule une partie d’une requête ReadProcessMemory ou WriteProcessMemory a été effectuée. (0x12B)
[0308/223235.331:ERROR:process_memory_win.cc(73)] ReadMemory at 0x27ea69ae520 of 132 bytes failed: Seule une partie d’une requête ReadProcessMemory ou WriteProcessMemory a été effectuée. (0x12B)
[0308/223235.331:ERROR:process_memory_win.cc(73)] ReadMemory at 0x27ea69ae780 of 132 bytes failed: Seule une partie d’une requête ReadProcessMemory ou WriteProcessMemory a été effectuée. (0x12B)
[0308/223235.331:ERROR:process_memory_win.cc(73)] ReadMemory at 0x27ea69b1fa0 of 54 bytes failed: Seule une partie d’une requête ReadProcessMemory ou WriteProcessMemory a été effectuée. (0x12B)
[0308/223235.331:ERROR:process_memory_win.cc(73)] ReadMemory at 0x27ea69b37d0 of 132 bytes failed: Seule une partie d’une requête ReadProcessMemory ou WriteProcessMemory a été effectuée. (0x12B)
[0308/223235.331:ERROR:process_memory_win.cc(73)] ReadMemory at 0x27ea69b53e0 of 80 bytes failed: Seule une partie d’une requête ReadProcessMemory ou WriteProcessMemory a été effectuée. (0x12B)
[0308/223235.333:ERROR:process_memory_win.cc(73)] ReadMemory at 0x27ea69b5680 of 76 bytes failed: Seule une partie d’une requête ReadProcessMemory ou WriteProcessMemory a été effectuée. (0x12B)
[0308/223235.333:ERROR:process_memory_win.cc(73)] ReadMemory at 0x27ea69b8d10 of 132 bytes failed: Seule une partie d’une requête ReadProcessMemory ou WriteProcessMemory a été effectuée. (0x12B)
[0308/223235.333:ERROR:process_memory_win.cc(73)] ReadMemory at 0x27ea69b8f20 of 132 bytes failed: Seule une partie d’une requête ReadProcessMemory ou WriteProcessMemory a été effectuée. (0x12B)
[0308/223235.333:ERROR:process_memory_win.cc(73)] ReadMemory at 0x27ea69b99a0 of 60 bytes failed: Seule une partie d’une requête ReadProcessMemory ou WriteProcessMemory a été effectuée. (0x12B)
[0308/223235.345:ERROR:process_memory_win.cc(73)] ReadMemory at 0x27ea69b9a90 of 60 bytes failed: Seule une partie d’une requête ReadProcessMemory ou WriteProcessMemory a été effectuée. (0x12B)
[0308/223235.345:ERROR:process_memory_win.cc(73)] ReadMemory at 0x27ea69b9d60 of 64 bytes failed: Seule une partie d’une requête ReadProcessMemory ou WriteProcessMemory a été effectuée. (0x12B)
[0308/223235.345:ERROR:process_memory_win.cc(73)] ReadMemory at 0x27ea69b9e50 of 62 bytes failed: Seule une partie d’une requête ReadProcessMemory ou WriteProcessMemory a été effectuée. (0x12B)
[0308/223235.345:ERROR:process_memory_win.cc(73)] ReadMemory at 0x27ea69b9f40 of 60 bytes failed: Seule une partie d’une requête ReadProcessMemory ou WriteProcessMemory a été effectuée. (0x12B)
[0308/223235.345:ERROR:process_memory_win.cc(73)] ReadMemory at 0x27ea69b9f90 of 66 bytes failed: Seule une partie d’une requête ReadProcessMemory ou WriteProcessMemory a été effectuée. (0x12B)
[0308/223235.345:ERROR:process_memory_win.cc(73)] ReadMemory at 0x27ea69ba080 of 64 bytes failed: Seule une partie d’une requête ReadProcessMemory ou WriteProcessMemory a été effectuée. (0x12B)
[0308/223235.345:ERROR:process_memory_win.cc(73)] ReadMemory at 0x27ea69ba170 of 64 bytes failed: Seule une partie d’une requête ReadProcessMemory ou WriteProcessMemory a été effectuée. (0x12B)
[0308/223235.346:ERROR:process_memory_win.cc(73)] ReadMemory at 0x27ea69ba1c0 of 62 bytes failed: Seule une partie d’une requête ReadProcessMemory ou WriteProcessMemory a été effectuée. (0x12B)
[0308/223235.346:ERROR:process_memory_win.cc(73)] ReadMemory at 0x27ea69ba210 of 62 bytes failed: Seule une partie d’une requête ReadProcessMemory ou WriteProcessMemory a été effectuée. (0x12B)
[0308/223235.346:ERROR:process_memory_win.cc(73)] ReadMemory at 0x27ea69ba260 of 62 bytes failed: Seule une partie d’une requête ReadProcessMemory ou WriteProcessMemory a été effectuée. (0x12B)
[0308/223235.346:ERROR:process_memory_win.cc(73)] ReadMemory at 0x27ea69ba2b0 of 62 bytes failed: Seule une partie d’une requête ReadProcessMemory ou WriteProcessMemory a été effectuée. (0x12B)
[0308/223235.346:ERROR:process_memory_win.cc(73)] ReadMemory at 0x27ea69ba3a0 of 62 bytes failed: Seule une partie d’une requête ReadProcessMemory ou WriteProcessMemory a été effectuée. (0x12B)
[0308/223235.346:ERROR:process_memory_win.cc(73)] ReadMemory at 0x27ea69ba3f0 of 58 bytes failed: Seule une partie d’une requête ReadProcessMemory ou WriteProcessMemory a été effectuée. (0x12B)
[0308/223235.346:ERROR:process_memory_win.cc(73)] ReadMemory at 0x27ea69ba440 of 62 bytes failed: Seule une partie d’une requête ReadProcessMemory ou WriteProcessMemory a été effectuée. (0x12B)
[0308/223235.346:ERROR:process_memory_win.cc(73)] ReadMemory at 0x27ea69ba490 of 62 bytes failed: Seule une partie d’une requête ReadProcessMemory ou WriteProcessMemory a été effectuée. (0x12B)
[0308/223235.346:ERROR:process_memory_win.cc(73)] ReadMemory at 0x27ea69ba530 of 64 bytes failed: Seule une partie d’une requête ReadProcessMemory ou WriteProcessMemory a été effectuée. (0x12B)
[0308/223235.346:ERROR:process_memory_win.cc(73)] ReadMemory at 0x27ea69ba620 of 60 bytes failed: Seule une partie d’une requête ReadProcessMemory ou WriteProcessMemory a été effectuée. (0x12B)
[0308/223235.346:ERROR:process_memory_win.cc(73)] ReadMemory at 0x27ea69ba870 of 132 bytes failed: Seule une partie d’une requête ReadProcessMemory ou WriteProcessMemory a été effectuée. (0x12B)
[0308/223235.347:ERROR:process_memory_win.cc(73)] ReadMemory at 0x27ea69baf90 of 132 bytes failed: Seule une partie d’une requête ReadProcessMemory ou WriteProcessMemory a été effectuée. (0x12B)
[0308/223235.347:ERROR:process_memory_win.cc(73)] ReadMemory at 0x27ea69bb0c0 of 132 bytes failed: Seule une partie d’une requête ReadProcessMemory ou WriteProcessMemory a été effectuée. (0x12B)
[0308/223235.347:ERROR:process_memory_win.cc(73)] ReadMemory at 0x27ea69bb1f0 of 132 bytes failed: Seule une partie d’une requête ReadProcessMemory ou WriteProcessMemory a été effectuée. (0x12B)
[0308/223235.347:ERROR:process_memory_win.cc(73)] ReadMemory at 0x27ea69bb320 of 132 bytes failed: Seule une partie d’une requête ReadProcessMemory ou WriteProcessMemory a été effectuée. (0x12B)
[0308/223235.347:ERROR:process_memory_win.cc(73)] ReadMemory at 0x27ea69bb450 of 132 bytes failed: Seule une partie d’une requête ReadProcessMemory ou WriteProcessMemory a été effectuée. (0x12B)
[0308/223235.347:ERROR:process_memory_win.cc(73)] ReadMemory at 0x27ea69bba40 of 132 bytes failed: Seule une partie d’une requête ReadProcessMemory ou WriteProcessMemory a été effectuée. (0x12B)
[0308/223235.347:ERROR:process_memory_win.cc(73)] ReadMemory at 0x27ea69bc030 of 132 bytes failed: Seule une partie d’une requête ReadProcessMemory ou WriteProcessMemory a été effectuée. (0x12B)
[0308/223235.347:ERROR:process_memory_win.cc(73)] ReadMemory at 0x27ea69bc290 of 132 bytes failed: Seule une partie d’une requête ReadProcessMemory ou WriteProcessMemory a été effectuée. (0x12B)
[0308/223235.347:ERROR:process_memory_win.cc(73)] ReadMemory at 0x27ea69bc4f0 of 132 bytes failed: Seule une partie d’une requête ReadProcessMemory ou WriteProcessMemory a été effectuée. (0x12B)
[0308/223235.347:ERROR:process_memory_win.cc(73)] ReadMemory at 0x27ea69bc990 of 512 bytes failed: Seule une partie d’une requête ReadProcessMemory ou WriteProcessMemory a été effectuée. (0x12B)
[0308/223235.348:ERROR:process_memory_win.cc(73)] ReadMemory at 0x27ea69d2b10 of 512 bytes failed: Seule une partie d’une requête ReadProcessMemory ou WriteProcessMemory a été effectuée. (0x12B)
[0308/223235.348:ERROR:process_memory_win.cc(73)] ReadMemory at 0x27ea6e17fa8 of 512 bytes failed: Seule une partie d’une requête ReadProcessMemory ou WriteProcessMemory a été effectuée. (0x12B)
[0308/223235.348:ERROR:process_memory_win.cc(73)] ReadMemory at 0x27ea6e34c80 of 512 bytes failed: Seule une partie d’une requête ReadProcessMemory ou WriteProcessMemory a été effectuée. (0x12B)
[0308/223235.348:ERROR:process_memory_win.cc(73)] ReadMemory at 0x27ea6e44f30 of 512 bytes failed: Seule une partie d’une requête ReadProcessMemory ou WriteProcessMemory a été effectuée. (0x12B)
[0308/223235.348:ERROR:process_memory_win.cc(73)] ReadMemory at 0x27ea6e484a0 of 512 bytes failed: Seule une partie d’une requête ReadProcessMemory ou WriteProcessMemory a été effectuée. (0x12B)
[0308/223235.348:ERROR:process_memory_win.cc(73)] ReadMemory at 0x27ea6e499d0 of 712 bytes failed: Seule une partie d’une requête ReadProcessMemory ou WriteProcessMemory a été effectuée. (0x12B)
[0308/223235.348:ERROR:process_memory_win.cc(73)] ReadMemory at 0x27ea8bfe8c0 of 512 bytes failed: Seule une partie d’une requête ReadProcessMemory ou WriteProcessMemory a été effectuée. (0x12B)
[0308/223235.349:ERROR:process_memory_win.cc(73)] ReadMemory at 0x27ea8c1e988 of 512 bytes failed: Seule une partie d’une requête ReadProcessMemory ou WriteProcessMemory a été effectuée. (0x12B)
[0308/223235.349:ERROR:process_memory_win.cc(73)] ReadMemory at 0x27ea8c20008 of 512 bytes failed: Seule une partie d’une requête ReadProcessMemory ou WriteProcessMemory a été effectuée. (0x12B)
[0308/223235.349:ERROR:process_memory_win.cc(73)] ReadMemory at 0x27ea8c203f8 of 512 bytes failed: Seule une partie d’une requête ReadProcessMemory ou WriteProcessMemory a été effectuée. (0x12B)
[0308/223235.349:ERROR:process_memory_win.cc(73)] ReadMemory at 0x27ea9401798 of 512 bytes failed: Seule une partie d’une requête ReadProcessMemory ou WriteProcessMemory a été effectuée. (0x12B)
[0308/223235.349:ERROR:process_memory_win.cc(73)] ReadMemory at 0x27ea99850e0 of 512 bytes failed: Seule une partie d’une requête ReadProcessMemory ou WriteProcessMemory a été effectuée. (0x12B)
[0308/223235.349:ERROR:process_memory_win.cc(73)] ReadMemory at 0x27ea9985800 of 512 bytes failed: Seule une partie d’une requête ReadProcessMemory ou WriteProcessMemory a été effectuée. (0x12B)
[0308/223235.349:ERROR:process_memory_win.cc(73)] ReadMemory at 0x27ea9cbf868 of 512 bytes failed: Seule une partie d’une requête ReadProcessMemory ou WriteProcessMemory a été effectuée. (0x12B)
[0308/223235.349:ERROR:process_memory_win.cc(73)] ReadMemory at 0x27eaba61130 of 512 bytes failed: Seule une partie d’une requête ReadProcessMemory ou WriteProcessMemory a été effectuée. (0x12B)
[0308/223235.349:ERROR:process_memory_win.cc(73)] ReadMemory at 0xa13c5380a00 of 512 bytes failed: Seule une partie d’une requête ReadProcessMemory ou WriteProcessMemory a été effectuée. (0x12B)
[0308/223235.349:ERROR:process_memory_win.cc(73)] ReadMemory at 0xa13c5384900 of 512 bytes failed: Seule une partie d’une requête ReadProcessMemory ou WriteProcessMemory a été effectuée. (0x12B)
[0308/223235.349:ERROR:process_memory_win.cc(73)] ReadMemory at 0xdc6a2a9e810 of 512 bytes failed: Seule une partie d’une requête ReadProcessMemory ou WriteProcessMemory a été effectuée. (0x12B)
[0308/223235.350:ERROR:process_memory_win.cc(73)] ReadMemory at 0x139eb86baac8 of 512 bytes failed: Seule une partie d’une requête ReadProcessMemory ou WriteProcessMemory a été effectuée. (0x12B)
[0308/223235.350:ERROR:process_memory_win.cc(73)] ReadMemory at 0x7fff4efce360 of 512 bytes failed: Seule une partie d’une requête ReadProcessMemory ou WriteProcessMemory a été effectuée. (0x12B)
[0308/223235.350:ERROR:process_memory_win.cc(73)] ReadMemory at 0x7fff4f671336 of 512 bytes failed: Seule une partie d’une requête ReadProcessMemory ou WriteProcessMemory a été effectuée. (0x12B)
[0308/223235.350:ERROR:process_memory_win.cc(73)] ReadMemory at 0x7fff766e7a8d of 512 bytes failed: Seule une partie d’une requête ReadProcessMemory ou WriteProcessMemory a été effectuée. (0x12B)
[0308/223235.350:ERROR:process_memory_win.cc(73)] ReadMemory at 0x7fff766e8285 of 512 bytes failed: Seule une partie d’une requête ReadProcessMemory ou WriteProcessMemory a été effectuée. (0x12B)
[0308/223235.350:ERROR:process_memory_win.cc(73)] ReadMemory at 0x7fffa7a3c0c4 of 672 bytes failed: Seule une partie d’une requête ReadProcessMemory ou WriteProcessMemory a été effectuée. (0x12B)
[0308/223235.350:ERROR:process_memory_win.cc(73)] ReadMemory at 0x7fffa7a3f974 of 608 bytes failed: Seule une partie d’une requête ReadProcessMemory ou WriteProcessMemory a été effectuée. (0x12B)
[0308/223235.350:ERROR:process_memory_win.cc(73)] ReadMemory at 0x7fffa7acc428 of 18 bytes failed: Seule une partie d’une requête ReadProcessMemory ou WriteProcessMemory a été effectuée. (0x12B)
[0308/223235.351:ERROR:process_memory_win.cc(73)] ReadMemory at 0x7fffa7aff4f8 of 40 bytes failed: Seule une partie d’une requête ReadProcessMemory ou WriteProcessMemory a été effectuée. (0x12B)
[0308/223235.351:ERROR:process_memory_win.cc(73)] ReadMemory at 0x7fffa7aff978 of 48 bytes failed: Seule une partie d’une requête ReadProcessMemory ou WriteProcessMemory a été effectuée. (0x12B)
[0308/223235.351:ERROR:process_memory_win.cc(73)] ReadMemory at 0x7fffa7b053c0 of 64 bytes failed: Seule une partie d’une requête ReadProcessMemory ou WriteProcessMemory a été effectuée. (0x12B)
[0308/223235.419:ERROR:scoped_process_suspend.cc(40)] NtResumeProcess: Tentative d’accès à un processus en cours d’arrêt. (0xc000010a)
[0308/223311.434:ERROR:http_transport_win.cc(276)] WinHttpSendRequest: L’opération a réussi. (0x0)
